#
# There is insufficient memory for the Java Runtime Environment to continue.
# Native memory allocation (mmap) failed to map 4030464 bytes for G1 virtual space
# Possible reasons:
#   The system is out of physical RAM or swap space
#   The process is running with CompressedOops enabled, and the Java Heap may be blocking the growth of the native heap
# Possible solutions:
#   Reduce memory load on the system
#   Increase physical memory or swap space
#   Check if swap backing store is full
#   Decrease Java heap size (-Xmx/-Xms)
#   Decrease number of Java threads
#   Decrease Java thread stack sizes (-Xss)
#   Set larger code cache with -XX:ReservedCodeCacheSize=
#   JVM is running with Zero Based Compressed Oops mode in which the Java heap is
#     placed in the first 32GB address space. The Java Heap base address is the
#     maximum limit for the native heap growth. Please use -XX:HeapBaseMinAddress
#     to set the Java Heap base and to place the Java Heap above 32GB virtual address.
# This output file may be truncated or incomplete.
#
#  Out of Memory Error (os_windows.cpp:3466), pid=41856, tid=43812
#
# JRE version:  (16.0.1+9) (build )
# Java VM: Java HotSpot(TM) 64-Bit Server VM (16.0.1+9-24, mixed mode, sharing, tiered, compressed oops, compressed class ptrs, g1 gc, windows-amd64)
# No core dump will be written. Minidumps are not enabled by default on client versions of Windows
#

---------------  S U M M A R Y ------------

Command Line: -Dclassworlds.conf=C:\Program Files\NetBeans-13\netbeans\java\maven\bin\m2.conf -Dmaven.home=C:\Program Files\NetBeans-13\netbeans\java\maven -Dlibrary.jansi.path=C:\Program Files\NetBeans-13\netbeans\java\maven\lib\jansi-native -Dmaven.multiModuleProjectDirectory=C:\Users\farid\Documents\NetBeansProjects\Gauffre org.codehaus.plexus.classworlds.launcher.Launcher -Dexec.vmArgs= -Dexec.args=${exec.vmArgs} -classpath %classpath ${exec.mainClass} ${exec.appArgs} -Dexec.appArgs= -Dexec.mainClass=com.mycompany.gauffre.Gauffre -Dexec.executable=C:\Program Files\Java\jdk-16.0.1\bin\java.exe -Dmaven.ext.class.path=C:\Program Files\NetBeans-13\netbeans\java\maven-nblib\netbeans-eventspy.jar -Dfile.encoding=UTF-8 org.codehaus.mojo:exec-maven-plugin:3.0.0:exec

Host: AMD Ryzen 5 4600H with Radeon Graphics         , 12 cores, 15G,  Windows 10 , 64 bit Build 22000 (10.0.22000.434)
Time: Thu Apr 28 16:52:11 2022 Paris, Madrid (heure duild 22000 (10.0.22000.434) elapsed time: 0.012066 seconds (0d 0h 0m 0s)

---------------  T H R E A D  ---------------

Current thread (0x000001bc4c167030):  JavaThread "Unknown thread" [_thread_in_vm, id=43812, stack(0x000000174a600000,0x000000174a700000)]

Stack: [0x000000174a600000,0x000000174a700000]
Native frames: (J=compiled Java code, j=interpreted, Vv=VM code, C=native code)
V  [jvm.dll+0x6687ca]
V  [jvm.dll+0x7ca3c9]
V  [jvm.dll+0x7cbb53]
V  [jvm.dll+0x7cc1b3]
V  [jvm.dll+0x242ea5]
V  [jvm.dll+0x665589]
V  [jvm.dll+0x65a175]
V  [jvm.dll+0x2fc5ab]
V  [jvm.dll+0x3037a6]
V  [jvm.dll+0x353018]
V  [jvm.dll+0x35321f]
V  [jvm.dll+0x2d3618]
V  [jvm.dll+0x2d4854]
V  [jvm.dll+0x79ccb1]
V  [jvm.dll+0x360de1]
V  [jvm.dll+0x77a990]
V  [jvm.dll+0x3e55af]
V  [jvm.dll+0x3e7081]
C  [jli.dll+0x52fb]
C  [ucrtbase.dll+0x26c0c]
C  [KERNEL32.DLL+0x154e0]
C  [ntdll.dll+0x485b]


---------------  P R O C E S S  ---------------

Threads class SMR info:
_java_thread_list=0x00007fffd360cbb8, length=0, elements={
}

Java Threads: ( => current thread )

Other Threads:
  0x000001bc4c1b9440 GCTaskThread "GC Thread#0" [stack: 0x000000174a700000,0x000000174a800000] [id=42616]
  0x000001bc4c1caa10 ConcurrentGCThread "G1 Main Marker" [stack: 0x000000174a800000,0x000000174a900000] [id=9824]
  0x000001bc4c1cc460 ConcurrentGCThread "G1 Conc#0" [stack: 0x000000174a900000,0x000000174aa00000] [id=19312]

[error occurred during error reporting (printing all threads), id 0xc0000005, EXCEPTION_ACCESS_VIOLATION (0xc0000005) at pc=0x00007fffd2de44d7]

VM state: not at safepoint (not fully initialized)

VM Mutex/Monitor currently owned by a thread:  ([mutex/lock_event])
[0x000001bc4c161e70] Heap_lock - owner thread: 0x000001bc4c167030

Heap address: 0x000000070a000000, size: 3936 MB, Compressed Oops mode: Zero based, Oop shift amount: 3

CDS archive(s) mapped at: [0x0000000000000000-0x0000000000000000-0x0000000000000000), size 0, SharedBaseAddress: 0x0000000800000000, ArchiveRelocationMode: 0.
Narrow klass base: 0x0000000000000000, Narrow klass shift: 0, Narrow klass range: 0x0

GC Precious Log:
<Empty>

Heap:
 garbage-first heap   total 0K, used 0K [0x000000070a000000, 0x0000000800000000)
  region size 2048K, 0 young (0K), 0 survivors (0K)

[error occurred during error reporting (printing heap information), id 0xc0000005, EXCEPTION_ACCESS_VIOLATION (0xc0000005) at pc=0x00007fffd31c24ed]

GC Heap History (0 events):
No events

Deoptimization events (0 events):
No events

Classes unloaded (0 events):
No events

Classes redefined (0 events):
No events

Internal exceptions (0 events):
No events

Events (1 events):
Event: 0.007 Loaded shared library C:\Program Files\Java\jdk-16.0.1\bin\java.dll


Dynamic libraries:
0x00007ff7ab280000 - 0x00007ff7ab290000 	C:\Program Files\Java\jdk-16.0.1\bin\java.exe
0x00007ff8544c0000 - 0x00007ff8546c9000 	C:\WINDOWS\SYSTEM32\ntdll.dll
0x00007ff826050000 - 0x00007ff826066000 	C:\Program Files\Avast Software\Avast\aswhook.dll
0x00007ff852bf0000 - 0x00007ff852cad000 	C:\WINDOWS\System32\KERNEL32.DLL
0x00007ff851cc0000 - 0x00007ff852034000 	C:\WINDOWS\System32\KERNELBASE.dll
0x00007ff852040000 - 0x00007ff852151000 	C:\WINDOWS\System32\ucrtbase.dll
0x00007ff842220000 - 0x00007ff842238000 	C:\Program Files\Java\jdk-16.0.1\bin\jli.dll
0x00007ff846090000 - 0x00007ff8460a9000 	C:\Program Files\Java\jdk-16.0.1\bin\VCRUNTIME140.dll
0x00007ff853780000 - 0x00007ff85382e000 	C:\WINDOWS\System32\ADVAPI32.dll
0x00007ff853f30000 - 0x00007ff853fd3000 	C:\WINDOWS\System32\msvcrt.dll
0x00007ff852370000 - 0x00007ff85240e000 	C:\WINDOWS\System32\sechost.dll
0x00007ff853920000 - 0x00007ff853a40000 	C:\WINDOWS\System32\RPCRT4.dll
0x00007ff853480000 - 0x00007ff85362c000 	C:\WINDOWS\System32\USER32.dll
0x00007ff852290000 - 0x00007ff8522b6000 	C:\WINDOWS\System32\win32u.dll
0x00007ff853830000 - 0x00007ff853859000 	C:\WINDOWS\System32\GDI32.dll
0x00007ff844670000 - 0x00007ff844915000 	C:\WINDOWS\WinSxS\amd64_microsoft.windows.common-controls_6595b64144ccf1df_6.0.22000.120_none_9d947278b86cc467\COMCTL32.dll
0x00007ff851ba0000 - 0x00007ff851cb2000 	C:\WINDOWS\System32\gdi32full.dll
0x00007ff8522c0000 - 0x00007ff85235d000 	C:\WINDOWS\System32\msvcp_win.dll
0x00007ff849470000 - 0x00007ff84947a000 	C:\WINDOWS\SYSTEM32\VERSION.dll
0x00007ff8538e0000 - 0x00007ff853911000 	C:\WINDOWS\System32\IMM32.DLL
0x00007ff84b3f0000 - 0x00007ff84b3fc000 	C:\Program Files\Java\jdk-16.0.1\bin\vcruntime140_1.dll
0x00007ff82e880000 - 0x00007ff82e911000 	C:\Program Files\Java\jdk-16.0.1\bin\msvcp140.dll
0x00007fffd2b00000 - 0x00007fffd36ab000 	C:\Program Files\Java\jdk-16.0.1\bin\server\jvm.dll
0x00007ff852ad0000 - 0x00007ff852ad8000 	C:\WINDOWS\System32\PSAPI.DLL
0x00007ff84e6d0000 - 0x00007ff84e703000 	C:\WINDOWS\SYSTEM32\WINMM.dll
0x00007ff841320000 - 0x00007ff841329000 	C:\WINDOWS\SYSTEM32\WSOCK32.dll
0x00007ff853630000 - 0x00007ff85369f000 	C:\WINDOWS\System32\WS2_32.dll
0x00007ff850a80000 - 0x00007ff850a98000 	C:\WINDOWS\SYSTEM32\kernel.appcore.dll
0x00007ff849f90000 - 0x00007ff849f9a000 	C:\Program Files\Java\jdk-16.0.1\bin\jimage.dll
0x00007ff84f190000 - 0x00007ff84f3b1000 	C:\WINDOWS\SYSTEM32\DBGHELP.DLL
0x00007ff8490e0000 - 0x00007ff849111000 	C:\WINDOWS\SYSTEM32\dbgcore.DLL
0x00007ff8519b0000 - 0x00007ff851a2f000 	C:\WINDOWS\System32\bcryptPrimitives.dll
0x00007ff841f80000 - 0x00007ff841fa5000 	C:\Program Files\Java\jdk-16.0.1\bin\java.dll

dbghelp: loaded successfully - version: 4.0.5 - missing functions: none
symbol engine: initialized successfully - sym options: 0x614 - pdb path: .;C:\Program Files\Java\jdk-16.0.1\bin;C:\WINDOWS\SYSTEM32;C:\Program Files\Avast Software\Avast;C:\WINDOWS\WinSxS\amd64_microsoft.windows.common-controls_6595b64144ccf1df_6.0.22000.120_none_9d947278b86cc467;C:\Program Files\Java\jdk-16.0.1\bin\server

VM Arguments:
jvm_args: -Dclassworlds.conf=C:\Program Files\NetBeans-13\netbeans\java\maven\bin\m2.conf -Dmaven.home=C:\Program Files\NetBeans-13\netbeans\java\maven -Dlibrary.jansi.path=C:\Program Files\NetBeans-13\netbeans\java\maven\lib\jansi-native -Dmaven.multiModuleProjectDirectory=C:\Users\farid\Documents\NetBeansProjects\Gauffre 
java_command: org.codehaus.plexus.classworlds.launcher.Launcher -Dexec.vmArgs= -Dexec.args=${exec.vmArgs} -classpath %classpath ${exec.mainClass} ${exec.appArgs} -Dexec.appArgs= -Dexec.mainClass=com.mycompany.gauffre.Gauffre -Dexec.executable=C:\Program Files\Java\jdk-16.0.1\bin\java.exe -Dmaven.ext.class.path=C:\Program Files\NetBeans-13\netbeans\java\maven-nblib\netbeans-eventspy.jar -Dfile.encoding=UTF-8 org.codehaus.mojo:exec-maven-plugin:3.0.0:exec
java_class_path (initial): C:\Program Files\NetBeans-13\netbeans\java\maven\boot\plexus-classworlds-2.6.0.jar
Launcher Type: SUN_STANDARD

[Global flags]
     intx CICompilerCount                          = 4                                         {product} {ergonomic}
     uint ConcGCThreads                            = 3                                         {product} {ergonomic}
     uint G1ConcRefinementThreads                  = 10                                        {product} {ergonomic}
   size_t G1HeapRegionSize                         = 2097152                                   {product} {ergonomic}
    uintx GCDrainStackTargetSize                   = 64                                        {product} {ergonomic}
   size_t InitialHeapSize                          = 257949696                                 {product} {ergonomic}
   size_t MarkStackSize                            = 4194304                                   {product} {ergonomic}
   size_t MaxHeapSize                              = 4127195136                                {product} {ergonomic}
   size_t MinHeapDeltaBytes                        = 2097152                                   {product} {ergonomic}
   size_t MinHeapSize                              = 8388608                                   {product} {ergonomic}
    uintx NonNMethodCodeHeapSize                   = 5839372                                {pd product} {ergonomic}
    uintx NonProfiledCodeHeapSize                  = 122909434                              {pd product} {ergonomic}
    uintx ProfiledCodeHeapSize                     = 122909434                              {pd product} {ergonomic}
    uintx ReservedCodeCacheSize                    = 251658240                              {pd product} {ergonomic}
     bool SegmentedCodeCache                       = true                                      {product} {ergonomic}
   size_t SoftMaxHeapSize                          = 4127195136                             {manageable} {ergonomic}
     bool UseCompressedClassPointers               = true                           {product lp64_product} {ergonomic}
     bool UseCompressedOops                        = true                           {product lp64_product} {ergonomic}
     bool UseG1GC                                  = true                                      {product} {ergonomic}
     bool UseLargePagesIndividualAllocation        = false                                  {pd product} {ergonomic}

Logging:
Log output configuration:
 #0: stdout all=warning uptime,level,tags
 #1: stderr all=off uptime,level,tags

Environment Variables:
JAVA_HOME=C:\Program Files\Java\jdk-16.0.1
PATH=C:\Program Files\Oculus\Support\oculus-runtime;C:\Program Files\Common Files\Oracle\Java\javapath;C:\Windows\system32;C:\Windows;C:\Windows\System32\Wbem;C:\Windows\System32\WindowsPowerShell\v1.0\;C:\Windows\System32\OpenSSH\;D:\wamp64\bin\php\php7.3.21;C:\ProgramData\ComposerSetup\bin;C:\Program Files (x86)\lua;C:\Program Files\dotnet\;C:\Program Files\Docker\Docker\resources\bin;C:\ProgramData\DockerDesktop\version-bin;C:\Program Files\Git\cmd;";C:\Program Files (x86)\Java\jre1.8.0_291\bin\";C:\Program Files\Actiona;C:\Program Files\nodejs\;C:\WINDOWS\system32;C:\WINDOWS;C:\WINDOWS\System32\Wbem;C:\WINDOWS\System32\WindowsPowerShell\v1.0\;C:\WINDOWS\System32\OpenSSH\;C:\Users\farid\AppData\Local\Microsoft\WindowsApps;;C:\Users\farid\AppData\Local\Programs\Microsoft VS Code\bin;C:\Users\farid\AppData\Roaming\Composer\vendor\bin;C:\Users\farid\.dotnet\tools;C:\Users\farid\AppData\Roaming\npm
USERNAME=farid
OS=Windows_NT
PROCESSOR_IDENTIFIER=AMD64 Family 23 Model 96 Stepping 1, AuthenticAMD



---------------  S Y S T E M  ---------------

OS:
 Windows 10 , 64 bit Build 22000 (10.0.22000.434)
OS uptime: 32 days 17:46 hours
Hyper-V role detected

CPU: total 12 (initial active 12) (12 cores per cpu, 2 threads per core) family 23 model 96 stepping 1 microcode 0x0, cx8, cmov, fxsr, ht, mmx, 3dnowpref, sse, sse2, sse3, ssse3, sse4a, sse4.1, sse4.2, popcnt, lzcnt, tsc, tscinvbit, avx, avx2, aes, clmul, bmi1, bmi2, adx, sha, fma, vzeroupper, clflush, clflushopt, hv

Memory: 4k page, system-wide physical 15741M (3078M free)
TotalPageFile size 31101M (AvailPageFile size 5M)
current process WorkingSet (physical memory assigned to process): 10M, peak: 10M
current process commit charge ("private bytes"): 314M, peak: 318M

vm_info: Java HotSpot(TM) 64-Bit Server VM (16.0.1+9-24) for windows-amd64 JRE (16.0.1+9-24), built on Mar 26 2021 19:31:42 by "mach5one" with MS VC++ 16.7 (VS2019)

END.
